[INFO ] 2023-10-06 07:00:41.735 [main] UserTest - **************** Delete User *************
[INFO ] 2023-10-06 07:00:48.710 [main] UserTest - **************** Get User *************
[INFO ] 2023-10-06 07:00:49.467 [main] UserTest - **************** Creating User *************
[INFO ] 2023-10-06 07:00:51.034 [main] UserTest - **************** User Created *************
[INFO ] 2023-10-06 07:00:51.039 [main] UserTest - **************** Updating User *************
[INFO ] 2023-10-06 07:00:51.611 [main] UserTest - **************** User Updated *************
[INFO ] 2023-10-06 07:15:23.544 [main] UserTest2 - **************** Delete User *************
[INFO ] 2023-10-06 07:15:23.630 [main] UserTest2 - **************** Get User *************
[INFO ] 2023-10-06 07:15:23.691 [main] UserTest2 - **************** Creating User *************
[INFO ] 2023-10-06 07:15:23.735 [main] UserTest2 - **************** Updating User *************
[INFO ] 2023-10-06 07:17:47.146 [main] UserTest2 - **************** Delete User *************
[INFO ] 2023-10-06 07:17:47.314 [main] UserTest2 - **************** Get User *************
[INFO ] 2023-10-06 07:17:47.365 [main] UserTest2 - **************** Creating User *************
[INFO ] 2023-10-06 07:17:47.410 [main] UserTest2 - **************** Updating User *************
[INFO ] 2023-10-06 07:18:54.695 [main] UserTest2 - **************** Delete User *************
[INFO ] 2023-10-06 07:18:54.845 [main] UserTest2 - **************** Get User *************
[INFO ] 2023-10-06 07:18:54.912 [main] UserTest2 - **************** Creating User *************
[INFO ] 2023-10-06 07:18:54.949 [main] UserTest2 - **************** Updating User *************
[INFO ] 2023-10-06 07:21:28.690 [main] UserTest2 - **************** Delete User *************
[INFO ] 2023-10-06 07:21:28.829 [main] UserTest2 - **************** Get User *************
[INFO ] 2023-10-06 07:21:28.891 [main] UserTest2 - **************** Creating User *************
[INFO ] 2023-10-06 07:21:28.932 [main] UserTest2 - **************** Updating User *************
[INFO ] 2023-10-06 07:21:58.945 [main] UserTest2 - **************** Delete User *************
[INFO ] 2023-10-06 07:21:59.053 [main] UserTest2 - **************** Get User *************
[INFO ] 2023-10-06 07:21:59.144 [main] UserTest2 - **************** Creating User *************
[INFO ] 2023-10-06 07:21:59.182 [main] UserTest2 - **************** Updating User *************
[INFO ] 2023-10-06 07:27:04.583 [main] UserTest2 - **************** Delete User *************
[INFO ] 2023-10-06 07:27:07.895 [main] UserTest2 - **************** Get User *************
[INFO ] 2023-10-06 07:27:10.075 [main] UserTest2 - **************** Creating User *************
[INFO ] 2023-10-06 07:27:11.413 [main] UserTest2 - **************** User Created *************
[INFO ] 2023-10-06 07:27:11.418 [main] UserTest2 - **************** Updating User *************
[INFO ] 2023-10-06 07:27:11.964 [main] UserTest2 - **************** User Updated *************
